make.exe all --print-data-base --no-builtin-variables --no-builtin-rules --question
# GNU Make 4.3
# Built for Windows32
# Copyright (C) 1988-2020 Free Software Foundation, Inc.
# License GPLv3+: GNU GPL version 3 or later <http://gnu.org/licenses/gpl.html>
# This is free software: you are free to change and redistribute it.
# There is NO WARRANTY, to the extent permitted by law.

# Make data base, printed on Sun Feb 20 22:16:13 2022

# Variables

# environment
SYSTEMDRIVE = C:
# environment
JAVA_HOME = C:\jdk-11.0.2
# environment
LC_ALL = C
# environment
USERPROFILE = C:\Users\gorup
# environment
LOCALAPPDATA = C:\Users\gorup\AppData\Local
# environment
VSCODE_IPC_HOOK_EXTHOST = \\.\pipe\vscode-ipc-8f562e64-f504-485d-8a91-dabd817278ae-sock
# environment
VSCODE_CWD = C:\Windows\system32
# environment
CHOCOLATEYINSTALL = C:\ProgramData\chocolatey
# environment
SYSTEMROOT = C:\Windows
# environment
PROCESSOR_LEVEL = 6
# environment
PSMODULEPATH = C:\Program Files\WindowsPowerShell\Modules;C:\Windows\system32\WindowsPowerShell\v1.0\Modules
# default
MAKE_COMMAND := C:/ProgramData/chocolatey/lib/make/tools/install/bin/make.exe
# environment
GOPATH = C:\Users\gorup\go
# automatic
@D = $(patsubst %/,%,$(patsubst %\,%,$(dir $@)))
# environment
CHROME_CRASHPAD_PIPE_NAME = \\.\pipe\crashpad_7292_JROXNYUGDDEPICBA
# environment
VSCODE_HANDLES_UNCAUGHT_ERRORS = true
# default
.VARIABLES := 
# automatic
%D = $(patsubst %/,%,$(patsubst %\,%,$(dir $%)))
# automatic
^D = $(patsubst %/,%,$(patsubst %\,%,$(dir $^)))
# environment
VSCODE_LOG_STACK = false
# automatic
%F = $(notdir $%)
# environment
VSCODE_CODE_CACHE_PATH = C:\Users\gorup\AppData\Roaming\Code\CachedData\f80445acd5a3dadef24aa209168452a3d97cc326
# environment
LANG = C
# default
.LOADED := 
# environment
TMP = C:\Users\gorup\AppData\Local\Temp
# default
.INCLUDE_DIRS = .
# environment
PROCESSOR_ARCHITEW6432 = AMD64
# makefile
MAKEFLAGS = pqrR 

# environment
ONEDRIVE = C:\Users\gorup\OneDrive
# makefile
CURDIR := g:/Gorazd/Dokumenti/FRI/Diploma/vpt
# environment
VSCODE_PIPE_LOGGING = true
# environment
APPLICATION_INSIGHTS_NO_DIAGNOSTIC_CHANNEL = true
# automatic
*D = $(patsubst %/,%,$(patsubst %\,%,$(dir $*)))
# environment
PROGRAMFILES = C:\Program Files (x86)
# environment
MFLAGS = -pqrR
# default
.SHELLFLAGS := -c
# environment
COMMONPROGRAMW6432 = C:\Program Files\Common Files
# automatic
+D = $(patsubst %/,%,$(patsubst %\,%,$(dir $+)))
# makefile (from 'Makefile', line 1)
MAKEFILE_LIST := Makefile
# automatic
@F = $(notdir $@)
# environment
VSCODE_VERBOSE_LOGGING = true
# environment
VSCODE_PID = 7292
# automatic
?D = $(patsubst %/,%,$(patsubst %\,%,$(dir $?)))
# automatic
*F = $(notdir $*)
# automatic
<D = $(patsubst %/,%,$(patsubst %\,%,$(dir $<)))
# environment
VSCODE_NLS_CONFIG = {"locale":"sl","availableLanguages":{},"_languagePackSupport":true}
# environment
ONEDRIVECONSUMER = C:\Users\gorup\OneDrive
# default
MAKE_HOST := Windows32
# environment
PROGRAMDATA = C:\ProgramData
# default
SHELL := sh.exe
# environment
HOMEPATH = \Users\gorup
# default
MAKECMDGOALS := all
# environment
DRIVERDATA = C:\Windows\System32\Drivers\DriverData
# environment
COMSPEC = C:\Windows\system32\cmd.exe
# environment
WINDIR = C:\Windows
# environment
MAKELEVEL := 0
# default
MAKE = $(MAKE_COMMAND)
# environment
PATH = C:\Python310\Scripts\;C:\Python310\;C:\Program Files\mingw-w64\x86_64-8.1.0-posix-seh-rt_v6-rev0\mingw64\bin;C:\php;C:\Program Files\Common Files\Oracle\Java\javapath;C:\Program Files (x86)\NVIDIA Corporation\PhysX\Common;C:\Python38\Scripts\;C:\Python38\;C:\Windows\system32;C:\Windows;C:\Windows\System32\Wbem;C:\Windows\System32\WindowsPowerShell\v1.0\;C:\Windows\System32\OpenSSH\;C:\Program Files (x86)\ZeroTier\One\;C:\Python37;C:\Program Files\nodejs\;C:\ProgramData\chocolatey\bin;C:\Program Files\AdoptOpenJDK\jdk8u192-b12\bin;C:\Ffmpeg\bin;C:\windows\system32\wbem\;C:\Users\gorup\.poetry\bin;C:\devd;C:\Program Files (x86)\Yarn\bin\;C:\youtube-dl;C:\Program Files\PostgreSQL\10\bin;C:\ProgramData\ComposerSetup\bin;G:\Maven\apache-maven-3.8.4\bin;C:\Program Files\Go\bin;C:\Program Files\dotnet\;C:\Program Files\Git\cmd;C:\Program Files\CMake\bin;C:\Users\gorup\AppData\Local\Programs\Python\Python310\Scripts\;C:\Users\gorup\AppData\Local\Programs\Python\Python310\;C:\Users\gorup\.poetry\bin;C:\Users\gorup\.cargo\bin;C:\Program Files (x86)\NVIDIA Corporation\PhysX\Common;C:\Python38\Scripts\;C:\Python38\;C:\Program Files (x86)\Common Files\Oracle\Java\javapath;C:\Windows\system32;C:\Windows;C:\Windows\System32\Wbem;C:\Windows\System32\WindowsPowerShell\v1.0\;C:\Windows\System32\OpenSSH\;C:\Program Files (x86)\ZeroTier\One\;C:\Program Files\Calibre2\;C:\Python37;C:\Program Files\nodejs\;C:\ProgramData\chocolatey\bin;C:\Program Files\AdoptOpenJDK\jdk8u192-b12\bin;C:\Ffmpeg\bin;C:\windows\system32\wbem\;C:\devd;C:\Program Files\Git\cmd;C:\Program Files\MySQL\MySQL Shell 8.0\bin\;C:;C:\Users\gorup\AppData\Local\atom\bin;C:\Users\gorup\AppData\Local\Yarn\bin;G:\Microsoft VS Code\bin;G:\texlive\2021\bin\win32;C:\Users\gorup\AppData\Roaming\Composer\vendor\bin;C:\Users\gorup\AppData\Local\GitHubDesktop\bin;C:\Users\gorup\go\bin;C:\Program Files\mingw-w64\x86_64-8.1.0-posix-seh-rt_v6-rev0\mingw64\bin;
# environment
COMPUTERNAME = DESKTOP-BR2QU5K
# default
MAKEFILES := 
# automatic
^F = $(notdir $^)
# environment
PROMPT = $P$G
# environment
CHOCOLATEYLASTPATHUPDATE = 132436240094142992
# environment
LOGONSERVER = \\DESKTOP-BR2QU5K
# environment
VSCODE_LOG_NATIVE = false
# environment
USERNAME = gorup
# environment
COMMONPROGRAMFILES = C:\Program Files (x86)\Common Files
# automatic
?F = $(notdir $?)
# environment
PROGRAMW6432 = C:\Program Files
# environment
PATHEXT = .COM;.EXE;.BAT;.CMD;.VBS;.VBE;.JS;.JSE;.WSF;.WSH;.MSC;.PY;.PYW
# automatic
+F = $(notdir $+)
# environment
ORIGINAL_XDG_CURRENT_DESKTOP = undefined
# environment
USERDOMAIN = DESKTOP-BR2QU5K
# 'override' directive
GNUMAKEFLAGS := 
# environment
OS = Windows_NT
# makefile
.DEFAULT_GOAL := all
# default
MAKE_VERSION := 4.3
# environment
PROGRAMFILES(X86) = C:\Program Files (x86)
# environment
USERDOMAIN_ROAMINGPROFILE = DESKTOP-BR2QU5K
# environment
NUMBER_OF_PROCESSORS = 8
# environment
PUBLIC = C:\Users\Public
# environment
APPDATA = C:\Users\gorup\AppData\Roaming
# environment
HOMEDRIVE = C:
# environment
PROCESSOR_ARCHITECTURE = x86
# environment
VSCODE_AMD_ENTRYPOINT = vs/workbench/services/extensions/node/extensionHostProcess
# environment
COMMONPROGRAMFILES(X86) = C:\Program Files (x86)\Common Files
# environment
ELECTRON_RUN_AS_NODE = 1
# environment
TEMP = C:\Users\gorup\AppData\Local\Temp
# environment
VSCODE_IPC_HOOK = \\.\pipe\8d93436d2f413567c6cd78956366f06d-1.64.2-main-sock
# default
.RECIPEPREFIX := 
# automatic
<F = $(notdir $<)
# default
SUFFIXES := 
# environment
ALLUSERSPROFILE = C:\ProgramData
# environment
SESSIONNAME = Console
# environment
VSCODE_CLI = 1
# environment
ELECTRON_NO_ATTACH_CONSOLE = 1
# default
.FEATURES := target-specific order-only second-expansion else-if shortest-stem undefine oneshell nocomment grouped-target extra-prereqs archives jobserver output-sync load
# environment
PROCESSOR_REVISION = 3c03
# environment
PROCESSOR_IDENTIFIER = Intel64 Family 6 Model 60 Stepping 3, GenuineIntel
# variable set hash-table stats:
# Load=99/1024=10%, Rehash=0, Collisions=9/129=7%

# Pattern-specific Variable Values

# No pattern-specific variable values.

# Directories

# . (key g:/Gorazd/Dokumenti/FRI/Diploma/vpt, mtime 1644865030): 13 files, no impossibilities.

# 13 files, no impossibilities in 1 directories.

# Implicit Rules

# No implicit rules.

# Files

# Not a target:
Makefile:
#  Implicit rule search has been done.
#  Last modified 2022-01-12 01:12:58
#  File has been updated.
#  Successfully updated.

clean:
#  Phony target (prerequisite of .PHONY).
#  Implicit rule search has not been done.
#  File does not exist.
#  File has not been updated.
#  recipe to execute (from 'Makefile', line 7):
	rm -rf build

# Not a target:
.DEFAULT:
#  Implicit rule search has not been done. 

#  Modification time never checked.
#  File has not been updated.

all:
#  Phony target (prerequisite of .PHONY).
#  Command line target.
#  Implicit rule search has not been done.
#  Implicit/static pattern stem: ''
#  File does not exist.
#  File has been updated.
#  Needs to be updated (-q is set).
# automatic
# @ := all
# automatic
# * := 
# automatic
# < := 
# automatic
# + := 
# automatic
# % := 
# automatic
# ^ := 
# automatic
# ? := 
# automatic
# | := 
# variable set hash-table stats:
# Load=8/32=25%, Rehash=0, Collisions=1/11=9%
#  recipe to execute (from 'Makefile', line 3):
	node bin/packer

watch:
#  Phony target (prerequisite of .PHONY).
#  Implicit rule search has not been done.
#  File does not exist.
#  File has not been updated.
#  recipe to execute (from 'Makefile', line 15):
	node bin/watcher 'node bin/packer' src

serve:
#  Phony target (prerequisite of .PHONY).
#  Implicit rule search has not been done.
#  File does not exist.
#  File has not been updated.
#  recipe to execute (from 'Makefile', line 11):
	node bin/server-node

# Not a target:
.SUFFIXES:
#  Implicit rule search has not been done.
#  Modification time never checked.
#  File has not been updated.

.PHONY: all clean serve watch
#  Implicit rule search has not been done.
#  Modification time never checked.
#  File has not been updated.

# files hash-table stats:
# Load=8/1024=1%, Rehash=0, Collisions=0/30=0%
# VPATH Search Paths

# No 'vpath' search paths.

# No general ('VPATH' variable) search path.

# strcache buffers: 1 (0) / strings = 20 / storage = 143 B / avg = 7 B
# current buf: size = 8174 B / used = 143 B / count = 20 / avg = 7 B

# strcache performance: lookups = 41 / hit rate = 51%
# hash-table stats:
# Load=20/8192=0%, Rehash=0, Collisions=0/41=0%
# Finished Make data base on Sun Feb 20 22:16:13 2022

 
